Determining if the pthread_create exist failed with the following output:
Change Dir: /home/raymond/ros_workspaces/way_point_nav_ws/build/way_point_wamv/CMakeFiles/CMakeTmp

Run Build Command:"/usr/bin/make" "cmTC_9f4d5/fast"
/usr/bin/make -f CMakeFiles/cmTC_9f4d5.dir/build.make CMakeFiles/cmTC_9f4d5.dir/build
make[1]: Entering directory '/home/raymond/ros_workspaces/way_point_nav_ws/build/way_point_wamv/CMakeFiles/CMakeTmp'
Building C object CMakeFiles/cmTC_9f4d5.dir/CheckSymbolExists.c.o
/usr/bin/cc    -o CMakeFiles/cmTC_9f4d5.dir/CheckSymbolExists.c.o   -c /home/raymond/ros_workspaces/way_point_nav_ws/build/way_point_wamv/CMakeFiles/CMakeTmp/CheckSymbolExists.c
Linking C executable cmTC_9f4d5
/usr/bin/cmake -E cmake_link_script CMakeFiles/cmTC_9f4d5.dir/link.txt --verbose=1
/usr/bin/cc      -rdynamic CMakeFiles/cmTC_9f4d5.dir/CheckSymbolExists.c.o  -o cmTC_9f4d5 
CMakeFiles/cmTC_9f4d5.dir/CheckSymbolExists.c.o: In function `main':
CheckSymbolExists.c:(.text+0x1b): undefined reference to `pthread_create'
collect2: error: ld returned 1 exit status
CMakeFiles/cmTC_9f4d5.dir/build.make:97: recipe for target 'cmTC_9f4d5' failed
make[1]: *** [cmTC_9f4d5] Error 1
make[1]: Leaving directory '/home/raymond/ros_workspaces/way_point_nav_ws/build/way_point_wamv/CMakeFiles/CMakeTmp'
Makefile:126: recipe for target 'cmTC_9f4d5/fast' failed
make: *** [cmTC_9f4d5/fast] Error 2

File /home/raymond/ros_workspaces/way_point_nav_ws/build/way_point_wamv/CMakeFiles/CMakeTmp/CheckSymbolExists.c:
/* */
#include <pthread.h>

int main(int argc, char** argv)
{
  (void)argv;
#ifndef pthread_create
  return ((int*)(&pthread_create))[argc];
#else
  (void)argc;
  return 0;
#endif
}

Determining if the function pthread_create exists in the pthreads failed with the following output:
Change Dir: /home/raymond/ros_workspaces/way_point_nav_ws/build/way_point_wamv/CMakeFiles/CMakeTmp

Run Build Command:"/usr/bin/make" "cmTC_a822d/fast"
/usr/bin/make -f CMakeFiles/cmTC_a822d.dir/build.make CMakeFiles/cmTC_a822d.dir/build
make[1]: Entering directory '/home/raymond/ros_workspaces/way_point_nav_ws/build/way_point_wamv/CMakeFiles/CMakeTmp'
Building C object CMakeFiles/cmTC_a822d.dir/CheckFunctionExists.c.o
/usr/bin/cc   -DCHECK_FUNCTION_EXISTS=pthread_create   -o CMakeFiles/cmTC_a822d.dir/CheckFunctionExists.c.o   -c /usr/share/cmake-3.10/Modules/CheckFunctionExists.c
Linking C executable cmTC_a822d
/usr/bin/cmake -E cmake_link_script CMakeFiles/cmTC_a822d.dir/link.txt --verbose=1
/usr/bin/cc  -DCHECK_FUNCTION_EXISTS=pthread_create    -rdynamic CMakeFiles/cmTC_a822d.dir/CheckFunctionExists.c.o  -o cmTC_a822d -lpthreads 
/usr/bin/ld: cannot find -lpthreads
collect2: error: ld returned 1 exit status
CMakeFiles/cmTC_a822d.dir/build.make:97: recipe for target 'cmTC_a822d' failed
make[1]: *** [cmTC_a822d] Error 1
make[1]: Leaving directory '/home/raymond/ros_workspaces/way_point_nav_ws/build/way_point_wamv/CMakeFiles/CMakeTmp'
Makefile:126: recipe for target 'cmTC_a822d/fast' failed
make: *** [cmTC_a822d/fast] Error 2


