Warning: Cannot symlink from /home/raymond/Kanaloa/github/Kanaloa/SurfaceVehicles/WAMV/Ros/way_point_nav_ws/devel/.private/way_point_wamv/local_setup.sh to existing file /home/raymond/Kanaloa/github/Kanaloa/SurfaceVehicles/WAMV/Ros/way_point_nav_ws/devel/./local_setup.sh
Warning: Source hash: da0e169b6df38d4fd8d06d6c260ffeef
Warning: Dest hash: 13f4f55c15f86b8bde4741921988f35d
Linked: (/home/raymond/Kanaloa/github/Kanaloa/SurfaceVehicles/WAMV/Ros/way_point_nav_ws/devel/.private/way_point_wamv/lib/python2.7/dist-packages/way_point_wamv/__init__.py, /home/raymond/Kanaloa/github/Kanaloa/SurfaceVehicles/WAMV/Ros/way_point_nav_ws/devel/lib/python2.7/dist-packages/way_point_wamv/__init__.py)
Symlinking /home/raymond/Kanaloa/github/Kanaloa/SurfaceVehicles/WAMV/Ros/way_point_nav_ws/devel/lib/python2.7/dist-packages/way_point_wamv/srv/_way_point_cmd.py
Linked: (/home/raymond/Kanaloa/github/Kanaloa/SurfaceVehicles/WAMV/Ros/way_point_nav_ws/devel/.private/way_point_wamv/lib/python2.7/dist-packages/way_point_wamv/srv/__init__.py, /home/raymond/Kanaloa/github/Kanaloa/SurfaceVehicles/WAMV/Ros/way_point_nav_ws/devel/lib/python2.7/dist-packages/way_point_wamv/srv/__init__.py)
Linked: (/home/raymond/Kanaloa/github/Kanaloa/SurfaceVehicles/WAMV/Ros/way_point_nav_ws/devel/.private/way_point_wamv/lib/python2.7/dist-packages/way_point_wamv/srv/_add_way_point.py, /home/raymond/Kanaloa/github/Kanaloa/SurfaceVehicles/WAMV/Ros/way_point_nav_ws/devel/lib/python2.7/dist-packages/way_point_wamv/srv/_add_way_point.py)
Linked: (/home/raymond/Kanaloa/github/Kanaloa/SurfaceVehicles/WAMV/Ros/way_point_nav_ws/devel/.private/way_point_wamv/lib/pkgconfig/way_point_wamv.pc, /home/raymond/Kanaloa/github/Kanaloa/SurfaceVehicles/WAMV/Ros/way_point_nav_ws/devel/lib/pkgconfig/way_point_wamv.pc)
Symlinking /home/raymond/Kanaloa/github/Kanaloa/SurfaceVehicles/WAMV/Ros/way_point_nav_ws/devel/include/way_point_wamv/way_point_cmdResponse.h
Symlinking /home/raymond/Kanaloa/github/Kanaloa/SurfaceVehicles/WAMV/Ros/way_point_nav_ws/devel/include/way_point_wamv/way_point_cmdRequest.h
Linked: (/home/raymond/Kanaloa/github/Kanaloa/SurfaceVehicles/WAMV/Ros/way_point_nav_ws/devel/.private/way_point_wamv/include/way_point_wamv/add_way_point.h, /home/raymond/Kanaloa/github/Kanaloa/SurfaceVehicles/WAMV/Ros/way_point_nav_ws/devel/include/way_point_wamv/add_way_point.h)
Linked: (/home/raymond/Kanaloa/github/Kanaloa/SurfaceVehicles/WAMV/Ros/way_point_nav_ws/devel/.private/way_point_wamv/include/way_point_wamv/add_way_pointRequest.h, /home/raymond/Kanaloa/github/Kanaloa/SurfaceVehicles/WAMV/Ros/way_point_nav_ws/devel/include/way_point_wamv/add_way_pointRequest.h)
Linked: (/home/raymond/Kanaloa/github/Kanaloa/SurfaceVehicles/WAMV/Ros/way_point_nav_ws/devel/.private/way_point_wamv/include/way_point_wamv/add_way_pointResponse.h, /home/raymond/Kanaloa/github/Kanaloa/SurfaceVehicles/WAMV/Ros/way_point_nav_ws/devel/include/way_point_wamv/add_way_pointResponse.h)
Symlinking /home/raymond/Kanaloa/github/Kanaloa/SurfaceVehicles/WAMV/Ros/way_point_nav_ws/devel/include/way_point_wamv/way_point_cmd.h
Linked: (/home/raymond/Kanaloa/github/Kanaloa/SurfaceVehicles/WAMV/Ros/way_point_nav_ws/devel/.private/way_point_wamv/share/common-lisp/ros/way_point_wamv/srv/add_way_point.lisp, /home/raymond/Kanaloa/github/Kanaloa/SurfaceVehicles/WAMV/Ros/way_point_nav_ws/devel/share/common-lisp/ros/way_point_wamv/srv/add_way_point.lisp)
Symlinking /home/raymond/Kanaloa/github/Kanaloa/SurfaceVehicles/WAMV/Ros/way_point_nav_ws/devel/share/common-lisp/ros/way_point_wamv/srv/way_point_cmd.lisp
Linked: (/home/raymond/Kanaloa/github/Kanaloa/SurfaceVehicles/WAMV/Ros/way_point_nav_ws/devel/.private/way_point_wamv/share/common-lisp/ros/way_point_wamv/srv/_package.lisp, /home/raymond/Kanaloa/github/Kanaloa/SurfaceVehicles/WAMV/Ros/way_point_nav_ws/devel/share/common-lisp/ros/way_point_wamv/srv/_package.lisp)
Symlinking /home/raymond/Kanaloa/github/Kanaloa/SurfaceVehicles/WAMV/Ros/way_point_nav_ws/devel/share/common-lisp/ros/way_point_wamv/srv/_package_way_point_cmd.lisp
Linked: (/home/raymond/Kanaloa/github/Kanaloa/SurfaceVehicles/WAMV/Ros/way_point_nav_ws/devel/.private/way_point_wamv/share/common-lisp/ros/way_point_wamv/srv/_package_add_way_point.lisp, /home/raymond/Kanaloa/github/Kanaloa/SurfaceVehicles/WAMV/Ros/way_point_nav_ws/devel/share/common-lisp/ros/way_point_wamv/srv/_package_add_way_point.lisp)
Linked: (/home/raymond/Kanaloa/github/Kanaloa/SurfaceVehicles/WAMV/Ros/way_point_nav_ws/devel/.private/way_point_wamv/share/common-lisp/ros/way_point_wamv/srv/way_point_wamv-srv.asd, /home/raymond/Kanaloa/github/Kanaloa/SurfaceVehicles/WAMV/Ros/way_point_nav_ws/devel/share/common-lisp/ros/way_point_wamv/srv/way_point_wamv-srv.asd)
Linked: (/home/raymond/Kanaloa/github/Kanaloa/SurfaceVehicles/WAMV/Ros/way_point_nav_ws/devel/.private/way_point_wamv/share/roseus/ros/way_point_wamv/manifest.l, /home/raymond/Kanaloa/github/Kanaloa/SurfaceVehicles/WAMV/Ros/way_point_nav_ws/devel/share/roseus/ros/way_point_wamv/manifest.l)
Linked: (/home/raymond/Kanaloa/github/Kanaloa/SurfaceVehicles/WAMV/Ros/way_point_nav_ws/devel/.private/way_point_wamv/share/roseus/ros/way_point_wamv/srv/add_way_point.l, /home/raymond/Kanaloa/github/Kanaloa/SurfaceVehicles/WAMV/Ros/way_point_nav_ws/devel/share/roseus/ros/way_point_wamv/srv/add_way_point.l)
Symlinking /home/raymond/Kanaloa/github/Kanaloa/SurfaceVehicles/WAMV/Ros/way_point_nav_ws/devel/share/roseus/ros/way_point_wamv/srv/way_point_cmd.l
Linked: (/home/raymond/Kanaloa/github/Kanaloa/SurfaceVehicles/WAMV/Ros/way_point_nav_ws/devel/.private/way_point_wamv/share/gennodejs/ros/way_point_wamv/_index.js, /home/raymond/Kanaloa/github/Kanaloa/SurfaceVehicles/WAMV/Ros/way_point_nav_ws/devel/share/gennodejs/ros/way_point_wamv/_index.js)
Linked: (/home/raymond/Kanaloa/github/Kanaloa/SurfaceVehicles/WAMV/Ros/way_point_nav_ws/devel/.private/way_point_wamv/share/gennodejs/ros/way_point_wamv/srv/add_way_point.js, /home/raymond/Kanaloa/github/Kanaloa/SurfaceVehicles/WAMV/Ros/way_point_nav_ws/devel/share/gennodejs/ros/way_point_wamv/srv/add_way_point.js)
Symlinking /home/raymond/Kanaloa/github/Kanaloa/SurfaceVehicles/WAMV/Ros/way_point_nav_ws/devel/share/gennodejs/ros/way_point_wamv/srv/way_point_cmd.js
Linked: (/home/raymond/Kanaloa/github/Kanaloa/SurfaceVehicles/WAMV/Ros/way_point_nav_ws/devel/.private/way_point_wamv/share/gennodejs/ros/way_point_wamv/srv/_index.js, /home/raymond/Kanaloa/github/Kanaloa/SurfaceVehicles/WAMV/Ros/way_point_nav_ws/devel/share/gennodejs/ros/way_point_wamv/srv/_index.js)
Linked: (/home/raymond/Kanaloa/github/Kanaloa/SurfaceVehicles/WAMV/Ros/way_point_nav_ws/devel/.private/way_point_wamv/share/way_point_wamv/cmake/way_point_wamv-msg-paths.cmake, /home/raymond/Kanaloa/github/Kanaloa/SurfaceVehicles/WAMV/Ros/way_point_nav_ws/devel/share/way_point_wamv/cmake/way_point_wamv-msg-paths.cmake)
Linked: (/home/raymond/Kanaloa/github/Kanaloa/SurfaceVehicles/WAMV/Ros/way_point_nav_ws/devel/.private/way_point_wamv/share/way_point_wamv/cmake/way_point_wamvConfig.cmake, /home/raymond/Kanaloa/github/Kanaloa/SurfaceVehicles/WAMV/Ros/way_point_nav_ws/devel/share/way_point_wamv/cmake/way_point_wamvConfig.cmake)
Linked: (/home/raymond/Kanaloa/github/Kanaloa/SurfaceVehicles/WAMV/Ros/way_point_nav_ws/devel/.private/way_point_wamv/share/way_point_wamv/cmake/way_point_wamvConfig-version.cmake, /home/raymond/Kanaloa/github/Kanaloa/SurfaceVehicles/WAMV/Ros/way_point_nav_ws/devel/share/way_point_wamv/cmake/way_point_wamvConfig-version.cmake)
Linked: (/home/raymond/Kanaloa/github/Kanaloa/SurfaceVehicles/WAMV/Ros/way_point_nav_ws/devel/.private/way_point_wamv/share/way_point_wamv/cmake/way_point_wamv-msg-extras.cmake, /home/raymond/Kanaloa/github/Kanaloa/SurfaceVehicles/WAMV/Ros/way_point_nav_ws/devel/share/way_point_wamv/cmake/way_point_wamv-msg-extras.cmake)
