Warning: Cannot symlink from /home/raymond/Kanaloa/github/Kanaloa/SurfaceVehicles/WAMV/Ros/way_point_nav_ws/devel/.private/way_point_wamv/local_setup.sh to existing file /home/raymond/Kanaloa/github/Kanaloa/SurfaceVehicles/WAMV/Ros/way_point_nav_ws/devel/./local_setup.sh
Warning: Source hash: da0e169b6df38d4fd8d06d6c260ffeef
Warning: Dest hash: 13f4f55c15f86b8bde4741921988f35d
Symlinking /home/raymond/Kanaloa/github/Kanaloa/SurfaceVehicles/WAMV/Ros/way_point_nav_ws/devel/lib/python2.7/dist-packages/way_point_wamv/__init__.py
Symlinking /home/raymond/Kanaloa/github/Kanaloa/SurfaceVehicles/WAMV/Ros/way_point_nav_ws/devel/lib/python2.7/dist-packages/way_point_wamv/srv/__init__.py
Symlinking /home/raymond/Kanaloa/github/Kanaloa/SurfaceVehicles/WAMV/Ros/way_point_nav_ws/devel/lib/python2.7/dist-packages/way_point_wamv/srv/_add_way_point.py
Symlinking /home/raymond/Kanaloa/github/Kanaloa/SurfaceVehicles/WAMV/Ros/way_point_nav_ws/devel/lib/pkgconfig/way_point_wamv.pc
Symlinking /home/raymond/Kanaloa/github/Kanaloa/SurfaceVehicles/WAMV/Ros/way_point_nav_ws/devel/include/way_point_wamv/add_way_point.h
Symlinking /home/raymond/Kanaloa/github/Kanaloa/SurfaceVehicles/WAMV/Ros/way_point_nav_ws/devel/include/way_point_wamv/add_way_pointRequest.h
Symlinking /home/raymond/Kanaloa/github/Kanaloa/SurfaceVehicles/WAMV/Ros/way_point_nav_ws/devel/include/way_point_wamv/add_way_pointResponse.h
Symlinking /home/raymond/Kanaloa/github/Kanaloa/SurfaceVehicles/WAMV/Ros/way_point_nav_ws/devel/share/common-lisp/ros/way_point_wamv/srv/add_way_point.lisp
Symlinking /home/raymond/Kanaloa/github/Kanaloa/SurfaceVehicles/WAMV/Ros/way_point_nav_ws/devel/share/common-lisp/ros/way_point_wamv/srv/_package.lisp
Symlinking /home/raymond/Kanaloa/github/Kanaloa/SurfaceVehicles/WAMV/Ros/way_point_nav_ws/devel/share/common-lisp/ros/way_point_wamv/srv/_package_add_way_point.lisp
Symlinking /home/raymond/Kanaloa/github/Kanaloa/SurfaceVehicles/WAMV/Ros/way_point_nav_ws/devel/share/common-lisp/ros/way_point_wamv/srv/way_point_wamv-srv.asd
Symlinking /home/raymond/Kanaloa/github/Kanaloa/SurfaceVehicles/WAMV/Ros/way_point_nav_ws/devel/share/roseus/ros/way_point_wamv/manifest.l
Symlinking /home/raymond/Kanaloa/github/Kanaloa/SurfaceVehicles/WAMV/Ros/way_point_nav_ws/devel/share/roseus/ros/way_point_wamv/srv/add_way_point.l
Symlinking /home/raymond/Kanaloa/github/Kanaloa/SurfaceVehicles/WAMV/Ros/way_point_nav_ws/devel/share/gennodejs/ros/way_point_wamv/_index.js
Symlinking /home/raymond/Kanaloa/github/Kanaloa/SurfaceVehicles/WAMV/Ros/way_point_nav_ws/devel/share/gennodejs/ros/way_point_wamv/srv/add_way_point.js
Symlinking /home/raymond/Kanaloa/github/Kanaloa/SurfaceVehicles/WAMV/Ros/way_point_nav_ws/devel/share/gennodejs/ros/way_point_wamv/srv/_index.js
Symlinking /home/raymond/Kanaloa/github/Kanaloa/SurfaceVehicles/WAMV/Ros/way_point_nav_ws/devel/share/way_point_wamv/cmake/way_point_wamv-msg-paths.cmake
Symlinking /home/raymond/Kanaloa/github/Kanaloa/SurfaceVehicles/WAMV/Ros/way_point_nav_ws/devel/share/way_point_wamv/cmake/way_point_wamvConfig.cmake
Symlinking /home/raymond/Kanaloa/github/Kanaloa/SurfaceVehicles/WAMV/Ros/way_point_nav_ws/devel/share/way_point_wamv/cmake/way_point_wamvConfig-version.cmake
Symlinking /home/raymond/Kanaloa/github/Kanaloa/SurfaceVehicles/WAMV/Ros/way_point_nav_ws/devel/share/way_point_wamv/cmake/way_point_wamv-msg-extras.cmake
Cleaning: (/home/rip-acer-2/Workspaces/way_point_nav_ws/devel/.private/way_point_wamv/cmake.lock, /home/rip-acer-2/Workspaces/way_point_nav_ws/devel/./cmake.lock)
Cleaning: (/home/rip-acer-2/Workspaces/way_point_nav_ws/devel/.private/way_point_wamv/lib/python2.7/dist-packages/way_point_wamv/__init__.py, /home/rip-acer-2/Workspaces/way_point_nav_ws/devel/lib/python2.7/dist-packages/way_point_wamv/__init__.py)
Cleaning: (/home/rip-acer-2/Workspaces/way_point_nav_ws/devel/.private/way_point_wamv/lib/python2.7/dist-packages/way_point_wamv/srv/_add_way_point.py, /home/rip-acer-2/Workspaces/way_point_nav_ws/devel/lib/python2.7/dist-packages/way_point_wamv/srv/_add_way_point.py)
Cleaning: (/home/rip-acer-2/Workspaces/way_point_nav_ws/devel/.private/way_point_wamv/lib/python2.7/dist-packages/way_point_wamv/srv/__init__.py, /home/rip-acer-2/Workspaces/way_point_nav_ws/devel/lib/python2.7/dist-packages/way_point_wamv/srv/__init__.py)
Cleaning: (/home/rip-acer-2/Workspaces/way_point_nav_ws/devel/.private/way_point_wamv/lib/pkgconfig/way_point_wamv.pc, /home/rip-acer-2/Workspaces/way_point_nav_ws/devel/lib/pkgconfig/way_point_wamv.pc)
Cleaning: (/home/rip-acer-2/Workspaces/way_point_nav_ws/devel/.private/way_point_wamv/share/way_point_wamv/cmake/way_point_wamv-msg-extras.cmake, /home/rip-acer-2/Workspaces/way_point_nav_ws/devel/share/way_point_wamv/cmake/way_point_wamv-msg-extras.cmake)
Cleaning: (/home/rip-acer-2/Workspaces/way_point_nav_ws/devel/.private/way_point_wamv/share/way_point_wamv/cmake/way_point_wamvConfig.cmake, /home/rip-acer-2/Workspaces/way_point_nav_ws/devel/share/way_point_wamv/cmake/way_point_wamvConfig.cmake)
Cleaning: (/home/rip-acer-2/Workspaces/way_point_nav_ws/devel/.private/way_point_wamv/share/way_point_wamv/cmake/way_point_wamvConfig-version.cmake, /home/rip-acer-2/Workspaces/way_point_nav_ws/devel/share/way_point_wamv/cmake/way_point_wamvConfig-version.cmake)
Cleaning: (/home/rip-acer-2/Workspaces/way_point_nav_ws/devel/.private/way_point_wamv/share/way_point_wamv/cmake/way_point_wamv-msg-paths.cmake, /home/rip-acer-2/Workspaces/way_point_nav_ws/devel/share/way_point_wamv/cmake/way_point_wamv-msg-paths.cmake)
Cleaning: (/home/rip-acer-2/Workspaces/way_point_nav_ws/devel/.private/way_point_wamv/share/common-lisp/ros/way_point_wamv/srv/_package.lisp, /home/rip-acer-2/Workspaces/way_point_nav_ws/devel/share/common-lisp/ros/way_point_wamv/srv/_package.lisp)
Cleaning: (/home/rip-acer-2/Workspaces/way_point_nav_ws/devel/.private/way_point_wamv/share/common-lisp/ros/way_point_wamv/srv/way_point_wamv-srv.asd, /home/rip-acer-2/Workspaces/way_point_nav_ws/devel/share/common-lisp/ros/way_point_wamv/srv/way_point_wamv-srv.asd)
Cleaning: (/home/rip-acer-2/Workspaces/way_point_nav_ws/devel/.private/way_point_wamv/share/common-lisp/ros/way_point_wamv/srv/_package_add_way_point.lisp, /home/rip-acer-2/Workspaces/way_point_nav_ws/devel/share/common-lisp/ros/way_point_wamv/srv/_package_add_way_point.lisp)
Cleaning: (/home/rip-acer-2/Workspaces/way_point_nav_ws/devel/.private/way_point_wamv/share/common-lisp/ros/way_point_wamv/srv/add_way_point.lisp, /home/rip-acer-2/Workspaces/way_point_nav_ws/devel/share/common-lisp/ros/way_point_wamv/srv/add_way_point.lisp)
Cleaning: (/home/rip-acer-2/Workspaces/way_point_nav_ws/devel/.private/way_point_wamv/share/gennodejs/ros/way_point_wamv/_index.js, /home/rip-acer-2/Workspaces/way_point_nav_ws/devel/share/gennodejs/ros/way_point_wamv/_index.js)
Cleaning: (/home/rip-acer-2/Workspaces/way_point_nav_ws/devel/.private/way_point_wamv/share/gennodejs/ros/way_point_wamv/srv/_index.js, /home/rip-acer-2/Workspaces/way_point_nav_ws/devel/share/gennodejs/ros/way_point_wamv/srv/_index.js)
Cleaning: (/home/rip-acer-2/Workspaces/way_point_nav_ws/devel/.private/way_point_wamv/share/gennodejs/ros/way_point_wamv/srv/add_way_point.js, /home/rip-acer-2/Workspaces/way_point_nav_ws/devel/share/gennodejs/ros/way_point_wamv/srv/add_way_point.js)
Cleaning: (/home/rip-acer-2/Workspaces/way_point_nav_ws/devel/.private/way_point_wamv/share/roseus/ros/way_point_wamv/manifest.l, /home/rip-acer-2/Workspaces/way_point_nav_ws/devel/share/roseus/ros/way_point_wamv/manifest.l)
Cleaning: (/home/rip-acer-2/Workspaces/way_point_nav_ws/devel/.private/way_point_wamv/share/roseus/ros/way_point_wamv/srv/add_way_point.l, /home/rip-acer-2/Workspaces/way_point_nav_ws/devel/share/roseus/ros/way_point_wamv/srv/add_way_point.l)
Cleaning: (/home/rip-acer-2/Workspaces/way_point_nav_ws/devel/.private/way_point_wamv/include/way_point_wamv/add_way_point.h, /home/rip-acer-2/Workspaces/way_point_nav_ws/devel/include/way_point_wamv/add_way_point.h)
Cleaning: (/home/rip-acer-2/Workspaces/way_point_nav_ws/devel/.private/way_point_wamv/include/way_point_wamv/add_way_pointResponse.h, /home/rip-acer-2/Workspaces/way_point_nav_ws/devel/include/way_point_wamv/add_way_pointResponse.h)
Cleaning: (/home/rip-acer-2/Workspaces/way_point_nav_ws/devel/.private/way_point_wamv/include/way_point_wamv/add_way_pointRequest.h, /home/rip-acer-2/Workspaces/way_point_nav_ws/devel/include/way_point_wamv/add_way_pointRequest.h)
Unlinking: /home/rip-acer-2/Workspaces/way_point_nav_ws/devel/lib/python2.7/dist-packages/way_point_wamv/__init__.py
Already unlinked: {}
Unlinking: /home/rip-acer-2/Workspaces/way_point_nav_ws/devel/lib/python2.7/dist-packages/way_point_wamv/srv/_add_way_point.py
Already unlinked: {}
Unlinking: /home/rip-acer-2/Workspaces/way_point_nav_ws/devel/lib/python2.7/dist-packages/way_point_wamv/srv/__init__.py
Already unlinked: {}
Unlinking: /home/rip-acer-2/Workspaces/way_point_nav_ws/devel/lib/pkgconfig/way_point_wamv.pc
Already unlinked: {}
Unlinking: /home/rip-acer-2/Workspaces/way_point_nav_ws/devel/share/way_point_wamv/cmake/way_point_wamv-msg-extras.cmake
Already unlinked: {}
Unlinking: /home/rip-acer-2/Workspaces/way_point_nav_ws/devel/share/way_point_wamv/cmake/way_point_wamvConfig.cmake
Already unlinked: {}
Unlinking: /home/rip-acer-2/Workspaces/way_point_nav_ws/devel/share/way_point_wamv/cmake/way_point_wamvConfig-version.cmake
Already unlinked: {}
Unlinking: /home/rip-acer-2/Workspaces/way_point_nav_ws/devel/share/way_point_wamv/cmake/way_point_wamv-msg-paths.cmake
Already unlinked: {}
Unlinking: /home/rip-acer-2/Workspaces/way_point_nav_ws/devel/share/common-lisp/ros/way_point_wamv/srv/_package.lisp
Already unlinked: {}
Unlinking: /home/rip-acer-2/Workspaces/way_point_nav_ws/devel/share/common-lisp/ros/way_point_wamv/srv/way_point_wamv-srv.asd
Already unlinked: {}
Unlinking: /home/rip-acer-2/Workspaces/way_point_nav_ws/devel/share/common-lisp/ros/way_point_wamv/srv/_package_add_way_point.lisp
Already unlinked: {}
Unlinking: /home/rip-acer-2/Workspaces/way_point_nav_ws/devel/share/common-lisp/ros/way_point_wamv/srv/add_way_point.lisp
Already unlinked: {}
Unlinking: /home/rip-acer-2/Workspaces/way_point_nav_ws/devel/share/gennodejs/ros/way_point_wamv/_index.js
Already unlinked: {}
Unlinking: /home/rip-acer-2/Workspaces/way_point_nav_ws/devel/share/gennodejs/ros/way_point_wamv/srv/_index.js
Already unlinked: {}
Unlinking: /home/rip-acer-2/Workspaces/way_point_nav_ws/devel/share/gennodejs/ros/way_point_wamv/srv/add_way_point.js
Already unlinked: {}
Unlinking: /home/rip-acer-2/Workspaces/way_point_nav_ws/devel/share/roseus/ros/way_point_wamv/manifest.l
Already unlinked: {}
Unlinking: /home/rip-acer-2/Workspaces/way_point_nav_ws/devel/share/roseus/ros/way_point_wamv/srv/add_way_point.l
Already unlinked: {}
Unlinking: /home/rip-acer-2/Workspaces/way_point_nav_ws/devel/include/way_point_wamv/add_way_point.h
Already unlinked: {}
Unlinking: /home/rip-acer-2/Workspaces/way_point_nav_ws/devel/include/way_point_wamv/add_way_pointResponse.h
Already unlinked: {}
Unlinking: /home/rip-acer-2/Workspaces/way_point_nav_ws/devel/include/way_point_wamv/add_way_pointRequest.h
Already unlinked: {}
