Warning: Cannot symlink from /home/raymond/ros_workspaces/way_point_nav_ws/devel/.private/way_point_wamv/local_setup.sh to existing file /home/raymond/ros_workspaces/way_point_nav_ws/devel/./local_setup.sh
Warning: Source hash: b6ecbadcf674d9a42efaca0d2488f607
Warning: Dest hash: 0686fe64ea6a75374ca809f9f83be1d3
Linked: (/home/raymond/ros_workspaces/way_point_nav_ws/devel/.private/way_point_wamv/lib/python2.7/dist-packages/way_point_wamv/__init__.py, /home/raymond/ros_workspaces/way_point_nav_ws/devel/lib/python2.7/dist-packages/way_point_wamv/__init__.py)
Linked: (/home/raymond/ros_workspaces/way_point_nav_ws/devel/.private/way_point_wamv/lib/python2.7/dist-packages/way_point_wamv/srv/__init__.py, /home/raymond/ros_workspaces/way_point_nav_ws/devel/lib/python2.7/dist-packages/way_point_wamv/srv/__init__.py)
Linked: (/home/raymond/ros_workspaces/way_point_nav_ws/devel/.private/way_point_wamv/lib/python2.7/dist-packages/way_point_wamv/srv/_add_way_point.py, /home/raymond/ros_workspaces/way_point_nav_ws/devel/lib/python2.7/dist-packages/way_point_wamv/srv/_add_way_point.py)
Linked: (/home/raymond/ros_workspaces/way_point_nav_ws/devel/.private/way_point_wamv/lib/pkgconfig/way_point_wamv.pc, /home/raymond/ros_workspaces/way_point_nav_ws/devel/lib/pkgconfig/way_point_wamv.pc)
Linked: (/home/raymond/ros_workspaces/way_point_nav_ws/devel/.private/way_point_wamv/include/way_point_wamv/add_way_point.h, /home/raymond/ros_workspaces/way_point_nav_ws/devel/include/way_point_wamv/add_way_point.h)
Linked: (/home/raymond/ros_workspaces/way_point_nav_ws/devel/.private/way_point_wamv/include/way_point_wamv/add_way_pointRequest.h, /home/raymond/ros_workspaces/way_point_nav_ws/devel/include/way_point_wamv/add_way_pointRequest.h)
Linked: (/home/raymond/ros_workspaces/way_point_nav_ws/devel/.private/way_point_wamv/include/way_point_wamv/add_way_pointResponse.h, /home/raymond/ros_workspaces/way_point_nav_ws/devel/include/way_point_wamv/add_way_pointResponse.h)
Linked: (/home/raymond/ros_workspaces/way_point_nav_ws/devel/.private/way_point_wamv/share/common-lisp/ros/way_point_wamv/srv/add_way_point.lisp, /home/raymond/ros_workspaces/way_point_nav_ws/devel/share/common-lisp/ros/way_point_wamv/srv/add_way_point.lisp)
Linked: (/home/raymond/ros_workspaces/way_point_nav_ws/devel/.private/way_point_wamv/share/common-lisp/ros/way_point_wamv/srv/_package.lisp, /home/raymond/ros_workspaces/way_point_nav_ws/devel/share/common-lisp/ros/way_point_wamv/srv/_package.lisp)
Linked: (/home/raymond/ros_workspaces/way_point_nav_ws/devel/.private/way_point_wamv/share/common-lisp/ros/way_point_wamv/srv/_package_add_way_point.lisp, /home/raymond/ros_workspaces/way_point_nav_ws/devel/share/common-lisp/ros/way_point_wamv/srv/_package_add_way_point.lisp)
Linked: (/home/raymond/ros_workspaces/way_point_nav_ws/devel/.private/way_point_wamv/share/common-lisp/ros/way_point_wamv/srv/way_point_wamv-srv.asd, /home/raymond/ros_workspaces/way_point_nav_ws/devel/share/common-lisp/ros/way_point_wamv/srv/way_point_wamv-srv.asd)
Linked: (/home/raymond/ros_workspaces/way_point_nav_ws/devel/.private/way_point_wamv/share/roseus/ros/way_point_wamv/manifest.l, /home/raymond/ros_workspaces/way_point_nav_ws/devel/share/roseus/ros/way_point_wamv/manifest.l)
Linked: (/home/raymond/ros_workspaces/way_point_nav_ws/devel/.private/way_point_wamv/share/roseus/ros/way_point_wamv/srv/add_way_point.l, /home/raymond/ros_workspaces/way_point_nav_ws/devel/share/roseus/ros/way_point_wamv/srv/add_way_point.l)
Linked: (/home/raymond/ros_workspaces/way_point_nav_ws/devel/.private/way_point_wamv/share/gennodejs/ros/way_point_wamv/_index.js, /home/raymond/ros_workspaces/way_point_nav_ws/devel/share/gennodejs/ros/way_point_wamv/_index.js)
Linked: (/home/raymond/ros_workspaces/way_point_nav_ws/devel/.private/way_point_wamv/share/gennodejs/ros/way_point_wamv/srv/add_way_point.js, /home/raymond/ros_workspaces/way_point_nav_ws/devel/share/gennodejs/ros/way_point_wamv/srv/add_way_point.js)
Linked: (/home/raymond/ros_workspaces/way_point_nav_ws/devel/.private/way_point_wamv/share/gennodejs/ros/way_point_wamv/srv/_index.js, /home/raymond/ros_workspaces/way_point_nav_ws/devel/share/gennodejs/ros/way_point_wamv/srv/_index.js)
Linked: (/home/raymond/ros_workspaces/way_point_nav_ws/devel/.private/way_point_wamv/share/way_point_wamv/cmake/way_point_wamv-msg-paths.cmake, /home/raymond/ros_workspaces/way_point_nav_ws/devel/share/way_point_wamv/cmake/way_point_wamv-msg-paths.cmake)
Linked: (/home/raymond/ros_workspaces/way_point_nav_ws/devel/.private/way_point_wamv/share/way_point_wamv/cmake/way_point_wamvConfig.cmake, /home/raymond/ros_workspaces/way_point_nav_ws/devel/share/way_point_wamv/cmake/way_point_wamvConfig.cmake)
Linked: (/home/raymond/ros_workspaces/way_point_nav_ws/devel/.private/way_point_wamv/share/way_point_wamv/cmake/way_point_wamvConfig-version.cmake, /home/raymond/ros_workspaces/way_point_nav_ws/devel/share/way_point_wamv/cmake/way_point_wamvConfig-version.cmake)
Linked: (/home/raymond/ros_workspaces/way_point_nav_ws/devel/.private/way_point_wamv/share/way_point_wamv/cmake/way_point_wamv-msg-extras.cmake, /home/raymond/ros_workspaces/way_point_nav_ws/devel/share/way_point_wamv/cmake/way_point_wamv-msg-extras.cmake)
