[35m[1mScanning dependencies of target sensor_msgs_generate_messages_eus[0m
[35m[1mScanning dependencies of target sensor_msgs_generate_messages_py[0m
[35m[1mScanning dependencies of target std_msgs_generate_messages_eus[0m
[35m[1mScanning dependencies of target sensor_msgs_generate_messages_lisp[0m
[35m[1mScanning dependencies of target _way_point_wamv_generate_messages_check_deps_add_way_point[0m
[35m[1mScanning dependencies of target std_msgs_generate_messages_nodejs[0m
[35m[1mScanning dependencies of target std_msgs_generate_messages_py[0m
[35m[1mScanning dependencies of target std_msgs_generate_messages_lisp[0m
[  0%] Built target sensor_msgs_generate_messages_py
[  0%] Built target sensor_msgs_generate_messages_eus
[  0%] Built target std_msgs_generate_messages_nodejs
[  0%] Built target sensor_msgs_generate_messages_lisp
[  0%] Built target std_msgs_generate_messages_lisp
[  0%] Built target std_msgs_generate_messages_eus
[  0%] Built target std_msgs_generate_messages_py
[35m[1mScanning dependencies of target sensor_msgs_generate_messages_cpp[0m
[35m[1mScanning dependencies of target std_msgs_generate_messages_cpp[0m
[35m[1mScanning dependencies of target sensor_msgs_generate_messages_nodejs[0m
[  0%] Built target sensor_msgs_generate_messages_cpp
[  0%] Built target std_msgs_generate_messages_cpp
[  0%] Built target sensor_msgs_generate_messages_nodejs
[  0%] Built target _way_point_wamv_generate_messages_check_deps_add_way_point
[35m[1mScanning dependencies of target way_point_wamv_generate_messages_cpp[0m
[35m[1mScanning dependencies of target way_point_wamv_generate_messages_py[0m
[35m[1mScanning dependencies of target way_point_wamv_generate_messages_nodejs[0m
[35m[1mScanning dependencies of target way_point_wamv_generate_messages_lisp[0m
[35m[1mScanning dependencies of target way_point_wamv_generate_messages_eus[0m
[ 14%] [34m[1mGenerating Python code from SRV way_point_wamv/add_way_point[0m
[ 42%] [34m[1mGenerating Lisp code from way_point_wamv/add_way_point.srv[0m
[ 42%] [34m[1mGenerating EusLisp code from way_point_wamv/add_way_point.srv[0m
[ 71%] [34m[1mGenerating Javascript code from way_point_wamv/add_way_point.srv[0m
[ 71%] [34m[1mGenerating C++ code from way_point_wamv/add_way_point.srv[0m
[ 85%] [34m[1mGenerating EusLisp manifest code for way_point_wamv[0m
[ 85%] Built target way_point_wamv_generate_messages_lisp
[ 85%] Built target way_point_wamv_generate_messages_nodejs
[100%] [34m[1mGenerating Python srv __init__.py for way_point_wamv[0m
[100%] Built target way_point_wamv_generate_messages_cpp
[100%] Built target way_point_wamv_generate_messages_py
[100%] Built target way_point_wamv_generate_messages_eus
[35m[1mScanning dependencies of target way_point_wamv_generate_messages[0m
[100%] Built target way_point_wamv_generate_messages
