Determining if the pthread_create exist failed with the following output:
Change Dir: /home/raymond/Kanaloa/github/Kanaloa/SurfaceVehicles/WAMV/Ros/way_point_nav_ws/build/catkin_tools_prebuild/CMakeFiles/CMakeTmp

Run Build Command:"/usr/bin/make" "cmTC_9d018/fast"
/usr/bin/make -f CMakeFiles/cmTC_9d018.dir/build.make CMakeFiles/cmTC_9d018.dir/build
make[1]: Entering directory '/home/raymond/Kanaloa/github/Kanaloa/SurfaceVehicles/WAMV/Ros/way_point_nav_ws/build/catkin_tools_prebuild/CMakeFiles/CMakeTmp'
Building C object CMakeFiles/cmTC_9d018.dir/CheckSymbolExists.c.o
/usr/bin/cc    -o CMakeFiles/cmTC_9d018.dir/CheckSymbolExists.c.o   -c /home/raymond/Kanaloa/github/Kanaloa/SurfaceVehicles/WAMV/Ros/way_point_nav_ws/build/catkin_tools_prebuild/CMakeFiles/CMakeTmp/CheckSymbolExists.c
Linking C executable cmTC_9d018
/usr/bin/cmake -E cmake_link_script CMakeFiles/cmTC_9d018.dir/link.txt --verbose=1
/usr/bin/cc      -rdynamic CMakeFiles/cmTC_9d018.dir/CheckSymbolExists.c.o  -o cmTC_9d018 
CMakeFiles/cmTC_9d018.dir/CheckSymbolExists.c.o: In function `main':
CheckSymbolExists.c:(.text+0x1b): undefined reference to `pthread_create'
collect2: error: ld returned 1 exit status
CMakeFiles/cmTC_9d018.dir/build.make:97: recipe for target 'cmTC_9d018' failed
make[1]: *** [cmTC_9d018] Error 1
make[1]: Leaving directory '/home/raymond/Kanaloa/github/Kanaloa/SurfaceVehicles/WAMV/Ros/way_point_nav_ws/build/catkin_tools_prebuild/CMakeFiles/CMakeTmp'
Makefile:126: recipe for target 'cmTC_9d018/fast' failed
make: *** [cmTC_9d018/fast] Error 2

File /home/raymond/Kanaloa/github/Kanaloa/SurfaceVehicles/WAMV/Ros/way_point_nav_ws/build/catkin_tools_prebuild/CMakeFiles/CMakeTmp/CheckSymbolExists.c:
/* */
#include <pthread.h>

int main(int argc, char** argv)
{
  (void)argv;
#ifndef pthread_create
  return ((int*)(&pthread_create))[argc];
#else
  (void)argc;
  return 0;
#endif
}

Determining if the function pthread_create exists in the pthreads failed with the following output:
Change Dir: /home/raymond/Kanaloa/github/Kanaloa/SurfaceVehicles/WAMV/Ros/way_point_nav_ws/build/catkin_tools_prebuild/CMakeFiles/CMakeTmp

Run Build Command:"/usr/bin/make" "cmTC_6709b/fast"
/usr/bin/make -f CMakeFiles/cmTC_6709b.dir/build.make CMakeFiles/cmTC_6709b.dir/build
make[1]: Entering directory '/home/raymond/Kanaloa/github/Kanaloa/SurfaceVehicles/WAMV/Ros/way_point_nav_ws/build/catkin_tools_prebuild/CMakeFiles/CMakeTmp'
Building C object CMakeFiles/cmTC_6709b.dir/CheckFunctionExists.c.o
/usr/bin/cc   -DCHECK_FUNCTION_EXISTS=pthread_create   -o CMakeFiles/cmTC_6709b.dir/CheckFunctionExists.c.o   -c /usr/share/cmake-3.10/Modules/CheckFunctionExists.c
Linking C executable cmTC_6709b
/usr/bin/cmake -E cmake_link_script CMakeFiles/cmTC_6709b.dir/link.txt --verbose=1
/usr/bin/cc  -DCHECK_FUNCTION_EXISTS=pthread_create    -rdynamic CMakeFiles/cmTC_6709b.dir/CheckFunctionExists.c.o  -o cmTC_6709b -lpthreads 
/usr/bin/ld: cannot find -lpthreads
collect2: error: ld returned 1 exit status
CMakeFiles/cmTC_6709b.dir/build.make:97: recipe for target 'cmTC_6709b' failed
make[1]: *** [cmTC_6709b] Error 1
make[1]: Leaving directory '/home/raymond/Kanaloa/github/Kanaloa/SurfaceVehicles/WAMV/Ros/way_point_nav_ws/build/catkin_tools_prebuild/CMakeFiles/CMakeTmp'
Makefile:126: recipe for target 'cmTC_6709b/fast' failed
make: *** [cmTC_6709b/fast] Error 2


